<?xml version="1.0" encoding="UTF-8"?>
<testng-results ignored="0" total="1" passed="1" failed="0" skipped="0">
  <reporter-output>
  </reporter-output>
  <suite started-at="2024-12-08T17:44:09 IST" name="Default suite" finished-at="2024-12-08T17:44:13 IST" duration-ms="3697">
    <groups>
    </groups>
    <test started-at="2024-12-08T17:44:09 IST" name="Default test" finished-at="2024-12-08T17:44:13 IST" duration-ms="3697">
      <class name="scripts.Login_test">
        <test-method signature="navi()[pri:0, instance:scripts.Login_test@46fa7c39]" started-at="2024-12-08T17:44:09 IST" name="navi" finished-at="2024-12-08T17:44:13 IST" duration-ms="3658" status="PASS">
          <reporter-output>
          </reporter-output>
        </test-method> <!-- navi -->
      </class> <!-- scripts.Login_test -->
    </test> <!-- Default test -->
  </suite> <!-- Default suite -->
</testng-results>
